  level.cpp
h:\semester 2\gd1p03\summatives\space invaders project\gd1p03_final\space invaders - mati green and roger smith\source - roger smith and mati green\space invaders\level.cpp(85): warning C4244: 'argument': conversion from 'time_t' to 'unsigned int', possible loss of data
h:\semester 2\gd1p03\summatives\space invaders project\gd1p03_final\space invaders - mati green and roger smith\source - roger smith and mati green\space invaders\level.cpp(110): warning C4244: 'argument': conversion from 'double' to 'float', possible loss of data
h:\semester 2\gd1p03\summatives\space invaders project\gd1p03_final\space invaders - mati green and roger smith\source - roger smith and mati green\space invaders\level.cpp(174): warning C4018: '<': signed/unsigned mismatch
h:\semester 2\gd1p03\summatives\space invaders project\gd1p03_final\space invaders - mati green and roger smith\source - roger smith and mati green\space invaders\level.cpp(180): warning C4018: '<': signed/unsigned mismatch
h:\semester 2\gd1p03\summatives\space invaders project\gd1p03_final\space invaders - mati green and roger smith\source - roger smith and mati green\space invaders\level.cpp(244): warning C4018: '<': signed/unsigned mismatch
h:\semester 2\gd1p03\summatives\space invaders project\gd1p03_final\space invaders - mati green and roger smith\source - roger smith and mati green\space invaders\level.cpp(259): warning C4018: '<': signed/unsigned mismatch
h:\semester 2\gd1p03\summatives\space invaders project\gd1p03_final\space invaders - mati green and roger smith\source - roger smith and mati green\space invaders\level.cpp(291): warning C4018: '<': signed/unsigned mismatch
h:\semester 2\gd1p03\summatives\space invaders project\gd1p03_final\space invaders - mati green and roger smith\source - roger smith and mati green\space invaders\level.cpp(294): warning C4018: '<': signed/unsigned mismatch
h:\semester 2\gd1p03\summatives\space invaders project\gd1p03_final\space invaders - mati green and roger smith\source - roger smith and mati green\space invaders\level.cpp(326): warning C4018: '<': signed/unsigned mismatch
h:\semester 2\gd1p03\summatives\space invaders project\gd1p03_final\space invaders - mati green and roger smith\source - roger smith and mati green\space invaders\level.cpp(358): warning C4018: '<': signed/unsigned mismatch
h:\semester 2\gd1p03\summatives\space invaders project\gd1p03_final\space invaders - mati green and roger smith\source - roger smith and mati green\space invaders\level.cpp(380): warning C4244: 'initializing': conversion from 'float' to 'int', possible loss of data
h:\semester 2\gd1p03\summatives\space invaders project\gd1p03_final\space invaders - mati green and roger smith\source - roger smith and mati green\space invaders\level.cpp(381): warning C4244: 'initializing': conversion from 'float' to 'int', possible loss of data
h:\semester 2\gd1p03\summatives\space invaders project\gd1p03_final\space invaders - mati green and roger smith\source - roger smith and mati green\space invaders\level.cpp(398): warning C4244: 'argument': conversion from 'double' to 'float', possible loss of data
h:\semester 2\gd1p03\summatives\space invaders project\gd1p03_final\space invaders - mati green and roger smith\source - roger smith and mati green\space invaders\level.cpp(402): warning C4244: 'argument': conversion from 'double' to 'float', possible loss of data
h:\semester 2\gd1p03\summatives\space invaders project\gd1p03_final\space invaders - mati green and roger smith\source - roger smith and mati green\space invaders\level.cpp(407): warning C4244: '=': conversion from 'double' to 'int', possible loss of data
h:\semester 2\gd1p03\summatives\space invaders project\gd1p03_final\space invaders - mati green and roger smith\source - roger smith and mati green\space invaders\level.cpp(408): warning C4244: 'argument': conversion from 'int' to 'float', possible loss of data
h:\semester 2\gd1p03\summatives\space invaders project\gd1p03_final\space invaders - mati green and roger smith\source - roger smith and mati green\space invaders\level.cpp(516): warning C4244: 'argument': conversion from 'int' to 'float', possible loss of data
h:\semester 2\gd1p03\summatives\space invaders project\gd1p03_final\space invaders - mati green and roger smith\source - roger smith and mati green\space invaders\level.cpp(517): warning C4244: 'argument': conversion from 'int' to 'float', possible loss of data
h:\semester 2\gd1p03\summatives\space invaders project\gd1p03_final\space invaders - mati green and roger smith\source - roger smith and mati green\space invaders\level.cpp(547): warning C4018: '<': signed/unsigned mismatch
  SpaceInvaders.vcxproj -> H:\Semester 2\GD1P03\Summatives\Space Invaders Project\GD1P03_Final\Space Invaders - Mati Green and Roger Smith\Source - Roger Smith And Mati Green\Debug\SpaceInvaders.exe
  SpaceInvaders.vcxproj -> H:\Semester 2\GD1P03\Summatives\Space Invaders Project\GD1P03_Final\Space Invaders - Mati Green and Roger Smith\Source - Roger Smith And Mati Green\Debug\SpaceInvaders.pdb (Full PDB)
