h:\semester 2\gd1p03\summatives\space invaders project\gd1p03_final\space invaders - mati green and roger smith\source - roger smith and mati green\space invaders\debug\vc140.pdb
h:\semester 2\gd1p03\summatives\space invaders project\gd1p03_final\space invaders - mati green and roger smith\source - roger smith and mati green\space invaders\debug\vc140.idb
h:\semester 2\gd1p03\summatives\space invaders project\gd1p03_final\space invaders - mati green and roger smith\source - roger smith and mati green\space invaders\debug\backbuffer.obj
h:\semester 2\gd1p03\summatives\space invaders project\gd1p03_final\space invaders - mati green and roger smith\source - roger smith and mati green\space invaders\debug\background.obj
h:\semester 2\gd1p03\summatives\space invaders project\gd1p03_final\space invaders - mati green and roger smith\source - roger smith and mati green\space invaders\debug\gameover.obj
h:\semester 2\gd1p03\summatives\space invaders project\gd1p03_final\space invaders - mati green and roger smith\source - roger smith and mati green\space invaders\debug\gamesettings.obj
h:\semester 2\gd1p03\summatives\space invaders project\gd1p03_final\space invaders - mati green and roger smith\source - roger smith and mati green\space invaders\debug\mysteryship.obj
h:\semester 2\gd1p03\summatives\space invaders project\gd1p03_final\space invaders - mati green and roger smith\source - roger smith and mati green\space invaders\debug\playerbullet.obj
h:\semester 2\gd1p03\summatives\space invaders project\gd1p03_final\space invaders - mati green and roger smith\source - roger smith and mati green\space invaders\debug\barrier.obj
h:\semester 2\gd1p03\summatives\space invaders project\gd1p03_final\space invaders - mati green and roger smith\source - roger smith and mati green\space invaders\debug\clock.obj
h:\semester 2\gd1p03\summatives\space invaders project\gd1p03_final\space invaders - mati green and roger smith\source - roger smith and mati green\space invaders\debug\enemy.obj
h:\semester 2\gd1p03\summatives\space invaders project\gd1p03_final\space invaders - mati green and roger smith\source - roger smith and mati green\space invaders\debug\enemybullet.obj
h:\semester 2\gd1p03\summatives\space invaders project\gd1p03_final\space invaders - mati green and roger smith\source - roger smith and mati green\space invaders\debug\entity.obj
h:\semester 2\gd1p03\summatives\space invaders project\gd1p03_final\space invaders - mati green and roger smith\source - roger smith and mati green\space invaders\debug\framecounter.obj
h:\semester 2\gd1p03\summatives\space invaders project\gd1p03_final\space invaders - mati green and roger smith\source - roger smith and mati green\space invaders\debug\game.obj
h:\semester 2\gd1p03\summatives\space invaders project\gd1p03_final\space invaders - mati green and roger smith\source - roger smith and mati green\space invaders\debug\level.obj
h:\semester 2\gd1p03\summatives\space invaders project\gd1p03_final\space invaders - mati green and roger smith\source - roger smith and mati green\space invaders\debug\main.obj
h:\semester 2\gd1p03\summatives\space invaders project\gd1p03_final\space invaders - mati green and roger smith\source - roger smith and mati green\space invaders\debug\playership.obj
h:\semester 2\gd1p03\summatives\space invaders project\gd1p03_final\space invaders - mati green and roger smith\source - roger smith and mati green\space invaders\debug\sprite.obj
h:\semester 2\gd1p03\summatives\space invaders project\gd1p03_final\space invaders - mati green and roger smith\source - roger smith and mati green\space invaders\debug\title.obj
h:\semester 2\gd1p03\summatives\space invaders project\gd1p03_final\space invaders - mati green and roger smith\source - roger smith and mati green\space invaders\debug\spaceinvaders.res
h:\semester 2\gd1p03\summatives\space invaders project\gd1p03_final\space invaders - mati green and roger smith\source - roger smith and mati green\debug\spaceinvaders.pdb
h:\semester 2\gd1p03\summatives\space invaders project\gd1p03_final\space invaders - mati green and roger smith\source - roger smith and mati green\space invaders\debug\spaceinvaders.tlog\cl.command.1.tlog
h:\semester 2\gd1p03\summatives\space invaders project\gd1p03_final\space invaders - mati green and roger smith\source - roger smith and mati green\space invaders\debug\spaceinvaders.tlog\cl.read.1.tlog
h:\semester 2\gd1p03\summatives\space invaders project\gd1p03_final\space invaders - mati green and roger smith\source - roger smith and mati green\space invaders\debug\spaceinvaders.tlog\cl.write.1.tlog
h:\semester 2\gd1p03\summatives\space invaders project\gd1p03_final\space invaders - mati green and roger smith\source - roger smith and mati green\space invaders\debug\spaceinvaders.tlog\link.command.1.tlog
h:\semester 2\gd1p03\summatives\space invaders project\gd1p03_final\space invaders - mati green and roger smith\source - roger smith and mati green\space invaders\debug\spaceinvaders.tlog\link.read.1.tlog
h:\semester 2\gd1p03\summatives\space invaders project\gd1p03_final\space invaders - mati green and roger smith\source - roger smith and mati green\space invaders\debug\spaceinvaders.tlog\link.write.1.tlog
h:\semester 2\gd1p03\summatives\space invaders project\gd1p03_final\space invaders - mati green and roger smith\source - roger smith and mati green\space invaders\debug\spaceinvaders.tlog\rc.command.1.tlog
h:\semester 2\gd1p03\summatives\space invaders project\gd1p03_final\space invaders - mati green and roger smith\source - roger smith and mati green\space invaders\debug\spaceinvaders.tlog\rc.read.1.tlog
h:\semester 2\gd1p03\summatives\space invaders project\gd1p03_final\space invaders - mati green and roger smith\source - roger smith and mati green\space invaders\debug\spaceinvaders.tlog\rc.write.1.tlog
